Change Component Footprint: Designator=R15 Old Footprint=tro vach 1w New Footprint=tro vach 1/2w
Change Component Footprint: Designator=R17 Old Footprint=tro vach 1w New Footprint=tro vach 1/2w
Change Component Footprint: Designator=R18 Old Footprint=tro vach 1w New Footprint=tro vach 1/2w
Change Component Footprint: Designator=R19 Old Footprint=tro vach 1w New Footprint=tro vach 1/2w
Change Component Footprint: Designator=R20 Old Footprint=tro vach 1w New Footprint=tro vach 1/2w
Change component parameters: Designator = "R15" ("R15"); Footprint = "tro vach 1w"; UniqueID = "\BXDZZJZR" ("\BXDZZJZR")
Change component parameters (AddParameter): Name = "Chung_Loai"; Value = "C?m"; VariantName = "[No Variations]"
Change component parameters (AddParameter): Name = "Don_Vi"; Value = "Con"; VariantName = "[No Variations]"
Change component parameters (AddParameter): Name = "Kieu_Chan"; Value = ""; VariantName = "[No Variations]"
Change component parameters (AddParameter): Name = "Ma_Hang"; Value = "MH007106"; VariantName = "[No Variations]"
Change component parameters (AddParameter): Name = "So_Chan"; Value = "2"; VariantName = "[No Variations]"
Change component parameters (AddParameter): Name = "Ten_Linh_Kien"; Value = "Tr? 5% 1/2w 100R"; VariantName = "[No Variations]"
Change component parameters: Designator = "R17" ("R17"); Footprint = "tro vach 1w"; UniqueID = "\APNRHSGV" ("\APNRHSGV")
Change component parameters (AddParameter): Name = "Chung_Loai"; Value = "C?m"; VariantName = "[No Variations]"
Change component parameters (AddParameter): Name = "Don_Vi"; Value = "Con"; VariantName = "[No Variations]"
Change component parameters (AddParameter): Name = "Kieu_Chan"; Value = ""; VariantName = "[No Variations]"
Change component parameters (AddParameter): Name = "Ma_Hang"; Value = "MH007106"; VariantName = "[No Variations]"
Change component parameters (AddParameter): Name = "So_Chan"; Value = "2"; VariantName = "[No Variations]"
Change component parameters (AddParameter): Name = "Ten_Linh_Kien"; Value = "Tr? 5% 1/2w 100R"; VariantName = "[No Variations]"
Change component parameters: Designator = "R18" ("R18"); Footprint = "tro vach 1w"; UniqueID = "\VMASPUVC" ("\VMASPUVC")
Change component parameters (AddParameter): Name = "Chung_Loai"; Value = "C?m"; VariantName = "[No Variations]"
Change component parameters (AddParameter): Name = "Don_Vi"; Value = "Con"; VariantName = "[No Variations]"
Change component parameters (AddParameter): Name = "Kieu_Chan"; Value = ""; VariantName = "[No Variations]"
Change component parameters (AddParameter): Name = "Ma_Hang"; Value = "MH007106"; VariantName = "[No Variations]"
Change component parameters (AddParameter): Name = "So_Chan"; Value = "2"; VariantName = "[No Variations]"
Change component parameters (AddParameter): Name = "Ten_Linh_Kien"; Value = "Tr? 5% 1/2w 100R"; VariantName = "[No Variations]"
Change component parameters: Designator = "R19" ("R19"); Footprint = "tro vach 1w"; UniqueID = "\OQNSKCPM" ("\OQNSKCPM")
Change component parameters (AddParameter): Name = "Chung_Loai"; Value = "C?m"; VariantName = "[No Variations]"
Change component parameters (AddParameter): Name = "Don_Vi"; Value = "Con"; VariantName = "[No Variations]"
Change component parameters (AddParameter): Name = "Kieu_Chan"; Value = ""; VariantName = "[No Variations]"
Change component parameters (AddParameter): Name = "Ma_Hang"; Value = "MH007106"; VariantName = "[No Variations]"
Change component parameters (AddParameter): Name = "So_Chan"; Value = "2"; VariantName = "[No Variations]"
Change component parameters (AddParameter): Name = "Ten_Linh_Kien"; Value = "Tr? 5% 1/2w 100R"; VariantName = "[No Variations]"
Change component parameters: Designator = "R20" ("R20"); Footprint = "tro vach 1w"; UniqueID = "\HZKNOEXN" ("\HZKNOEXN")
Change component parameters (AddParameter): Name = "Chung_Loai"; Value = "C?m"; VariantName = "[No Variations]"
Change component parameters (AddParameter): Name = "Don_Vi"; Value = "Con"; VariantName = "[No Variations]"
Change component parameters (AddParameter): Name = "Kieu_Chan"; Value = ""; VariantName = "[No Variations]"
Change component parameters (AddParameter): Name = "Ma_Hang"; Value = "MH007106"; VariantName = "[No Variations]"
Change component parameters (AddParameter): Name = "So_Chan"; Value = "2"; VariantName = "[No Variations]"
Change component parameters (AddParameter): Name = "Ten_Linh_Kien"; Value = "Tr? 5% 1/2w 100R"; VariantName = "[No Variations]"
Added Room: Name=Sheet1
