Removed Pin From Net: NetName=NetR4_1 Pin=R5-1
Removed Pin From Net: NetName=GND Pin=R5-2
Change Component Footprint: Designator=R3 Old Footprint=tro vach 2w New Footprint=tro vach 1/2w
Change Component Footprint: Designator=R4 Old Footprint=tro vach 2w New Footprint=tro vach 1/2w
Change Component Footprint: Designator=R5 Old Footprint=tro vach 2w New Footprint=tro vach 1/2w
Change component parameters: Designator = "R3" ("R3"); Footprint = "tro vach 2w"; UniqueID = "\YSPGTSJP" ("\YSPGTSJP")
Change component parameters (AddParameter): Name = "Chung_Loai"; Value = "C?m"; VariantName = "[No Variations]"
Change component parameters (AddParameter): Name = "Don_Vi"; Value = "Con"; VariantName = "[No Variations]"
Change component parameters (AddParameter): Name = "Kieu_Chan"; Value = ""; VariantName = "[No Variations]"
Change component parameters (AddParameter): Name = "Ma_Hang"; Value = "MH006189"; VariantName = "[No Variations]"
Change component parameters (AddParameter): Name = "So_Chan"; Value = "2"; VariantName = "[No Variations]"
Change component parameters (AddParameter): Name = "Ten_Linh_Kien"; Value = "Tr? 5% 1/2w 1R"; VariantName = "[No Variations]"
Change component parameters: Designator = "R4" ("R4"); Footprint = "tro vach 2w"; UniqueID = "\MIALIJRW" ("\MIALIJRW")
Change component parameters (AddParameter): Name = "Chung_Loai"; Value = "C?m"; VariantName = "[No Variations]"
Change component parameters (AddParameter): Name = "Don_Vi"; Value = "Con"; VariantName = "[No Variations]"
Change component parameters (AddParameter): Name = "Kieu_Chan"; Value = ""; VariantName = "[No Variations]"
Change component parameters (AddParameter): Name = "Ma_Hang"; Value = "MH006206"; VariantName = "[No Variations]"
Change component parameters (AddParameter): Name = "So_Chan"; Value = "2"; VariantName = "[No Variations]"
Change component parameters (AddParameter): Name = "Ten_Linh_Kien"; Value = "Tr? 5% 1/2w 10k"; VariantName = "[No Variations]"
Change component parameters: Designator = "R5" ("R5"); Footprint = "tro vach 2w"; UniqueID = "\IJVGGRZU" ("\IJVGGRZU")
Change component parameters (AddParameter): Name = "Chung_Loai"; Value = "C?m"; VariantName = "[No Variations]"
Change component parameters (AddParameter): Name = "Don_Vi"; Value = "Con"; VariantName = "[No Variations]"
Change component parameters (AddParameter): Name = "Kieu_Chan"; Value = ""; VariantName = "[No Variations]"
Change component parameters (AddParameter): Name = "Ma_Hang"; Value = "MH006194"; VariantName = "[No Variations]"
Change component parameters (AddParameter): Name = "So_Chan"; Value = "2"; VariantName = "[No Variations]"
Change component parameters (AddParameter): Name = "Ten_Linh_Kien"; Value = "Tr? 5% 1/2w 3.3k"; VariantName = "[No Variations]"
Added Pin To Net: NetName=GND Pin=R5-1
Added Pin To Net: NetName=NetR4_1 Pin=R5-2
Added Room: Name=Sheet1
